[0611/113640.126:INFO:CONSOLE(1)] "SharedArrayBuffer will require cross-origin isolation as of M91, around May 2021. See https://developer.chrome.com/blog/enabling-shared-array-buffer/ for more details.", source: https://open.scdn.co/cdn/build/web-player/vendor~web-player.bd68288a.js (1)
[0611/113640.508:INFO:CONSOLE(1)] "SharedArrayBuffer will require cross-origin isolation as of M91, around May 2021. See https://developer.chrome.com/blog/enabling-shared-array-buffer/ for more details.", source: https://open.scdn.co/cdn/build/web-player/vendor~web-player.bd68288a.js (1)
[0611/113641.196:INFO:CONSOLE(1)] "It is recommended that a robustness level be specified. Not specifying the robustness level could result in unexpected behavior.", source: https://open.scdn.co/cdn/build/web-player/vendor~web-player.bd68288a.js (1)
[0611/113641.289:INFO:CONSOLE(1)] "It is recommended that a robustness level be specified. Not specifying the robustness level could result in unexpected behavior.", source: https://open.scdn.co/cdn/build/web-player/vendor~web-player.bd68288a.js (1)
[0611/113641.654:INFO:CONSOLE(1)] "Uncaught (in promise) Error: LibraryAPI is not available for anonymous users!", source: https://open.scdn.co/cdn/build/web-player/web-player.f31c9e9f.js (1)
[0611/113641.736:INFO:CONSOLE(1)] "Uncaught (in promise) Error: LibraryAPI is not available for anonymous users!", source: https://open.scdn.co/cdn/build/web-player/web-player.f31c9e9f.js (1)
[0611/113641.921:INFO:CONSOLE(1)] "SharedArrayBuffer will require cross-origin isolation as of M91, around May 2021. See https://developer.chrome.com/blog/enabling-shared-array-buffer/ for more details.", source: https://open.scdn.co/cdn/build/web-player/vendor~web-player.bd68288a.js (1)
[0611/113642.020:INFO:CONSOLE(1)] "It is recommended that a robustness level be specified. Not specifying the robustness level could result in unexpected behavior.", source: https://open.scdn.co/cdn/build/web-player/vendor~web-player.bd68288a.js (1)
[0611/113642.278:ERROR:ssl_client_socket_impl.cc(947)] handshake failed; returned -1, SSL error code 1, net_error -101
[0611/113642.315:ERROR:ssl_client_socket_impl.cc(947)] handshake failed; returned -1, SSL error code 1, net_error -101
[0611/113642.347:ERROR:ssl_client_socket_impl.cc(947)] handshake failed; returned -1, SSL error code 1, net_error -101
[0611/113642.353:ERROR:ssl_client_socket_impl.cc(947)] handshake failed; returned -1, SSL error code 1, net_error -101
[0611/113642.363:ERROR:ssl_client_socket_impl.cc(947)] handshake failed; returned -1, SSL error code 1, net_error -101
[0611/113642.379:ERROR:ssl_client_socket_impl.cc(947)] handshake failed; returned -1, SSL error code 1, net_error -101
[0611/113642.511:ERROR:ssl_client_socket_impl.cc(947)] handshake failed; returned -1, SSL error code 1, net_error -101
[0611/113642.518:ERROR:ssl_client_socket_impl.cc(947)] handshake failed; returned -1, SSL error code 1, net_error -101
[0611/113642.952:INFO:CONSOLE(1)] "Uncaught (in promise) Error: LibraryAPI is not available for anonymous users!", source: https://open.scdn.co/cdn/build/web-player/web-player.f31c9e9f.js (1)
[0611/113643.246:ERROR:ssl_client_socket_impl.cc(947)] handshake failed; returned -1, SSL error code 1, net_error -101
[0611/113643.249:INFO:CONSOLE(1)] "SharedArrayBuffer will require cross-origin isolation as of M91, around May 2021. See https://developer.chrome.com/blog/enabling-shared-array-buffer/ for more details.", source: https://open.scdn.co/cdn/build/web-player/vendor~web-player.bd68288a.js (1)
[0611/113643.253:ERROR:ssl_client_socket_impl.cc(947)] handshake failed; returned -1, SSL error code 1, net_error -101
[0611/113643.268:ERROR:ssl_client_socket_impl.cc(947)] handshake failed; returned -1, SSL error code 1, net_error -101
[0611/113643.308:ERROR:ssl_client_socket_impl.cc(947)] handshake failed; returned -1, SSL error code 1, net_error -101
[0611/113643.361:INFO:CONSOLE(1)] "It is recommended that a robustness level be specified. Not specifying the robustness level could result in unexpected behavior.", source: https://open.scdn.co/cdn/build/web-player/vendor~web-player.bd68288a.js (1)
[0611/113643.906:INFO:CONSOLE(1)] "SharedArrayBuffer will require cross-origin isolation as of M91, around May 2021. See https://developer.chrome.com/blog/enabling-shared-array-buffer/ for more details.", source: https://open.scdn.co/cdn/build/web-player/vendor~web-player.bd68288a.js (1)
[0611/113643.937:INFO:CONSOLE(1)] "Uncaught (in promise) Error: LibraryAPI is not available for anonymous users!", source: https://open.scdn.co/cdn/build/web-player/web-player.f31c9e9f.js (1)
[0611/113644.017:INFO:CONSOLE(1)] "It is recommended that a robustness level be specified. Not specifying the robustness level could result in unexpected behavior.", source: https://open.scdn.co/cdn/build/web-player/vendor~web-player.bd68288a.js (1)
[0611/113644.025:ERROR:ssl_client_socket_impl.cc(947)] handshake failed; returned -1, SSL error code 1, net_error -101
[0611/113644.055:ERROR:ssl_client_socket_impl.cc(947)] handshake failed; returned -1, SSL error code 1, net_error -101
[0611/113644.207:ERROR:ssl_client_socket_impl.cc(947)] handshake failed; returned -1, SSL error code 1, net_error -101
[0611/113644.216:ERROR:ssl_client_socket_impl.cc(947)] handshake failed; returned -1, SSL error code 1, net_error -101
[0611/113644.222:ERROR:ssl_client_socket_impl.cc(947)] handshake failed; returned -1, SSL error code 1, net_error -101
[0611/113644.253:ERROR:ssl_client_socket_impl.cc(947)] handshake failed; returned -1, SSL error code 1, net_error -101
[0611/113644.525:INFO:CONSOLE(1)] "Uncaught (in promise) Error: LibraryAPI is not available for anonymous users!", source: https://open.scdn.co/cdn/build/web-player/web-player.f31c9e9f.js (1)
[0611/113644.589:INFO:CONSOLE(1)] "SharedArrayBuffer will require cross-origin isolation as of M91, around May 2021. See https://developer.chrome.com/blog/enabling-shared-array-buffer/ for more details.", source: https://open.scdn.co/cdn/build/web-player/vendor~web-player.bd68288a.js (1)
[0611/113644.658:INFO:CONSOLE(1)] "It is recommended that a robustness level be specified. Not specifying the robustness level could result in unexpected behavior.", source: https://open.scdn.co/cdn/build/web-player/vendor~web-player.bd68288a.js (1)
[0611/113644.784:ERROR:ssl_client_socket_impl.cc(947)] handshake failed; returned -1, SSL error code 1, net_error -101
[0611/113644.791:ERROR:ssl_client_socket_impl.cc(947)] handshake failed; returned -1, SSL error code 1, net_error -101
[0611/113644.806:ERROR:ssl_client_socket_impl.cc(947)] handshake failed; returned -1, SSL error code 1, net_error -101
[0611/113644.837:ERROR:ssl_client_socket_impl.cc(947)] handshake failed; returned -1, SSL error code 1, net_error -101
[0611/113644.970:ERROR:ssl_client_socket_impl.cc(947)] handshake failed; returned -1, SSL error code 1, net_error -101
[0611/113645.000:ERROR:ssl_client_socket_impl.cc(947)] handshake failed; returned -1, SSL error code 1, net_error -101
[0611/113645.122:INFO:CONSOLE(1)] "Uncaught (in promise) Error: LibraryAPI is not available for anonymous users!", source: https://open.scdn.co/cdn/build/web-player/web-player.f31c9e9f.js (1)
[0611/113645.353:ERROR:ssl_client_socket_impl.cc(947)] handshake failed; returned -1, SSL error code 1, net_error -101
[0611/113645.363:ERROR:ssl_client_socket_impl.cc(947)] handshake failed; returned -1, SSL error code 1, net_error -101
[0611/113645.374:ERROR:ssl_client_socket_impl.cc(947)] handshake failed; returned -1, SSL error code 1, net_error -101
[0611/113645.405:ERROR:ssl_client_socket_impl.cc(947)] handshake failed; returned -1, SSL error code 1, net_error -101
[0611/113646.633:WARNING:angle_platform_impl.cc(48)] HLSLCompiler.cpp:257 (compileToBinary): 
C:\fakepath(154,7-80): warning X3557: loop only executes for 1 iteration(s), consider removing [loop]

[0611/113648.536:INFO:CONSOLE(1)] "SharedArrayBuffer will require cross-origin isolation as of M91, around May 2021. See https://developer.chrome.com/blog/enabling-shared-array-buffer/ for more details.", source: https://open.scdn.co/cdn/build/web-player/vendor~web-player.bd68288a.js (1)
[0611/113648.586:INFO:CONSOLE(1)] "It is recommended that a robustness level be specified. Not specifying the robustness level could result in unexpected behavior.", source: https://open.scdn.co/cdn/build/web-player/vendor~web-player.bd68288a.js (1)
[0611/113648.833:INFO:CONSOLE(1)] "Uncaught (in promise) Error: LibraryAPI is not available for anonymous users!", source: https://open.scdn.co/cdn/build/web-player/web-player.f31c9e9f.js (1)
[0611/113649.165:ERROR:ssl_client_socket_impl.cc(947)] handshake failed; returned -1, SSL error code 1, net_error -101
[0611/113649.172:ERROR:ssl_client_socket_impl.cc(947)] handshake failed; returned -1, SSL error code 1, net_error -101
[0611/113649.174:ERROR:ssl_client_socket_impl.cc(947)] handshake failed; returned -1, SSL error code 1, net_error -101
[0611/113649.206:ERROR:ssl_client_socket_impl.cc(947)] handshake failed; returned -1, SSL error code 1, net_error -101
[0611/113649.762:INFO:CONSOLE(1)] "SharedArrayBuffer will require cross-origin isolation as of M91, around May 2021. See https://developer.chrome.com/blog/enabling-shared-array-buffer/ for more details.", source: https://open.scdn.co/cdn/build/web-player/vendor~web-player.bd68288a.js (1)
[0611/113649.798:INFO:CONSOLE(1)] "It is recommended that a robustness level be specified. Not specifying the robustness level could result in unexpected behavior.", source: https://open.scdn.co/cdn/build/web-player/vendor~web-player.bd68288a.js (1)
[0611/113650.071:INFO:CONSOLE(1)] "Uncaught (in promise) Error: LibraryAPI is not available for anonymous users!", source: https://open.scdn.co/cdn/build/web-player/web-player.f31c9e9f.js (1)
[0611/113650.328:ERROR:ssl_client_socket_impl.cc(947)] handshake failed; returned -1, SSL error code 1, net_error -101
[0611/113650.337:ERROR:ssl_client_socket_impl.cc(947)] handshake failed; returned -1, SSL error code 1, net_error -101
[0611/113650.351:ERROR:ssl_client_socket_impl.cc(947)] handshake failed; returned -1, SSL error code 1, net_error -101
[0611/113650.385:ERROR:ssl_client_socket_impl.cc(947)] handshake failed; returned -1, SSL error code 1, net_error -101
[0611/113651.226:ERROR:ssl_client_socket_impl.cc(947)] handshake failed; returned -1, SSL error code 1, net_error -101
[0611/113651.235:ERROR:ssl_client_socket_impl.cc(947)] handshake failed; returned -1, SSL error code 1, net_error -101
[0611/113651.993:INFO:CONSOLE(1)] "SharedArrayBuffer will require cross-origin isolation as of M91, around May 2021. See https://developer.chrome.com/blog/enabling-shared-array-buffer/ for more details.", source: https://open.scdn.co/cdn/build/web-player/vendor~web-player.bd68288a.js (1)
[0611/113652.036:INFO:CONSOLE(1)] "It is recommended that a robustness level be specified. Not specifying the robustness level could result in unexpected behavior.", source: https://open.scdn.co/cdn/build/web-player/vendor~web-player.bd68288a.js (1)
[0611/113652.364:INFO:CONSOLE(1)] "Uncaught (in promise) Error: LibraryAPI is not available for anonymous users!", source: https://open.scdn.co/cdn/build/web-player/web-player.f31c9e9f.js (1)
[0611/113652.769:ERROR:ssl_client_socket_impl.cc(947)] handshake failed; returned -1, SSL error code 1, net_error -101
[0611/113652.771:ERROR:ssl_client_socket_impl.cc(947)] handshake failed; returned -1, SSL error code 1, net_error -101
[0611/113652.780:ERROR:ssl_client_socket_impl.cc(947)] handshake failed; returned -1, SSL error code 1, net_error -101
[0611/113652.805:ERROR:ssl_client_socket_impl.cc(947)] handshake failed; returned -1, SSL error code 1, net_error -101
[0611/113653.230:INFO:CONSOLE(1)] "SharedArrayBuffer will require cross-origin isolation as of M91, around May 2021. See https://developer.chrome.com/blog/enabling-shared-array-buffer/ for more details.", source: https://open.scdn.co/cdn/build/web-player/vendor~web-player.bd68288a.js (1)
[0611/113653.319:INFO:CONSOLE(1)] "It is recommended that a robustness level be specified. Not specifying the robustness level could result in unexpected behavior.", source: https://open.scdn.co/cdn/build/web-player/vendor~web-player.bd68288a.js (1)
[0611/113653.863:INFO:CONSOLE(1)] "Uncaught (in promise) Error: LibraryAPI is not available for anonymous users!", source: https://open.scdn.co/cdn/build/web-player/web-player.f31c9e9f.js (1)
[0611/113654.278:ERROR:ssl_client_socket_impl.cc(947)] handshake failed; returned -1, SSL error code 1, net_error -101
[0611/113654.309:ERROR:ssl_client_socket_impl.cc(947)] handshake failed; returned -1, SSL error code 1, net_error -101
[0611/113654.333:ERROR:ssl_client_socket_impl.cc(947)] handshake failed; returned -1, SSL error code 1, net_error -101
[0611/113654.358:ERROR:ssl_client_socket_impl.cc(947)] handshake failed; returned -1, SSL error code 1, net_error -101
[0611/113655.184:ERROR:ssl_client_socket_impl.cc(947)] handshake failed; returned -1, SSL error code 1, net_error -101
[0611/113655.214:ERROR:ssl_client_socket_impl.cc(947)] handshake failed; returned -1, SSL error code 1, net_error -101
[0611/113655.339:INFO:CONSOLE(1)] "SharedArrayBuffer will require cross-origin isolation as of M91, around May 2021. See https://developer.chrome.com/blog/enabling-shared-array-buffer/ for more details.", source: https://open.scdn.co/cdn/build/web-player/vendor~web-player.bd68288a.js (1)
[0611/113655.382:INFO:CONSOLE(1)] "It is recommended that a robustness level be specified. Not specifying the robustness level could result in unexpected behavior.", source: https://open.scdn.co/cdn/build/web-player/vendor~web-player.bd68288a.js (1)
[0611/113655.641:INFO:CONSOLE(1)] "Uncaught (in promise) Error: LibraryAPI is not available for anonymous users!", source: https://open.scdn.co/cdn/build/web-player/web-player.f31c9e9f.js (1)
[0611/113656.002:ERROR:ssl_client_socket_impl.cc(947)] handshake failed; returned -1, SSL error code 1, net_error -101
[0611/113656.006:ERROR:ssl_client_socket_impl.cc(947)] handshake failed; returned -1, SSL error code 1, net_error -101
[0611/113656.009:ERROR:ssl_client_socket_impl.cc(947)] handshake failed; returned -1, SSL error code 1, net_error -101
[0611/113656.037:ERROR:ssl_client_socket_impl.cc(947)] handshake failed; returned -1, SSL error code 1, net_error -101
[0611/113656.929:ERROR:ssl_client_socket_impl.cc(947)] handshake failed; returned -1, SSL error code 1, net_error -101
[0611/113657.129:ERROR:ssl_client_socket_impl.cc(947)] handshake failed; returned -1, SSL error code 1, net_error -101
[0611/113657.178:ERROR:ssl_client_socket_impl.cc(947)] handshake failed; returned -1, SSL error code 1, net_error -101
[0611/113657.381:ERROR:ssl_client_socket_impl.cc(947)] handshake failed; returned -1, SSL error code 1, net_error -101
[0611/113657.535:INFO:CONSOLE(1)] "SharedArrayBuffer will require cross-origin isolation as of M91, around May 2021. See https://developer.chrome.com/blog/enabling-shared-array-buffer/ for more details.", source: https://open.scdn.co/cdn/build/web-player/vendor~web-player.bd68288a.js (1)
[0611/113657.578:INFO:CONSOLE(1)] "It is recommended that a robustness level be specified. Not specifying the robustness level could result in unexpected behavior.", source: https://open.scdn.co/cdn/build/web-player/vendor~web-player.bd68288a.js (1)
[0611/113657.906:INFO:CONSOLE(1)] "Uncaught (in promise) Error: LibraryAPI is not available for anonymous users!", source: https://open.scdn.co/cdn/build/web-player/web-player.f31c9e9f.js (1)
[0611/113658.237:ERROR:ssl_client_socket_impl.cc(947)] handshake failed; returned -1, SSL error code 1, net_error -101
[0611/113658.254:ERROR:ssl_client_socket_impl.cc(947)] handshake failed; returned -1, SSL error code 1, net_error -101
[0611/113658.260:ERROR:ssl_client_socket_impl.cc(947)] handshake failed; returned -1, SSL error code 1, net_error -101
[0611/113658.270:ERROR:ssl_client_socket_impl.cc(947)] handshake failed; returned -1, SSL error code 1, net_error -101
[0611/113658.442:INFO:CONSOLE(1)] "SharedArrayBuffer will require cross-origin isolation as of M91, around May 2021. See https://developer.chrome.com/blog/enabling-shared-array-buffer/ for more details.", source: https://open.scdn.co/cdn/build/web-player/vendor~web-player.bd68288a.js (1)
[0611/113658.508:INFO:CONSOLE(1)] "It is recommended that a robustness level be specified. Not specifying the robustness level could result in unexpected behavior.", source: https://open.scdn.co/cdn/build/web-player/vendor~web-player.bd68288a.js (1)
[0611/113658.870:INFO:CONSOLE(1)] "Uncaught (in promise) Error: LibraryAPI is not available for anonymous users!", source: https://open.scdn.co/cdn/build/web-player/web-player.f31c9e9f.js (1)
[0611/113659.189:ERROR:ssl_client_socket_impl.cc(947)] handshake failed; returned -1, SSL error code 1, net_error -101
[0611/113659.221:ERROR:ssl_client_socket_impl.cc(947)] handshake failed; returned -1, SSL error code 1, net_error -101
[0611/113659.232:ERROR:ssl_client_socket_impl.cc(947)] handshake failed; returned -1, SSL error code 1, net_error -101
[0611/113659.244:ERROR:ssl_client_socket_impl.cc(947)] handshake failed; returned -1, SSL error code 1, net_error -101
[0611/113659.493:INFO:CONSOLE(1)] "SharedArrayBuffer will require cross-origin isolation as of M91, around May 2021. See https://developer.chrome.com/blog/enabling-shared-array-buffer/ for more details.", source: https://open.scdn.co/cdn/build/web-player/vendor~web-player.bd68288a.js (1)
[0611/113659.531:INFO:CONSOLE(1)] "It is recommended that a robustness level be specified. Not specifying the robustness level could result in unexpected behavior.", source: https://open.scdn.co/cdn/build/web-player/vendor~web-player.bd68288a.js (1)
[0611/113700.066:INFO:CONSOLE(1)] "Uncaught (in promise) Error: LibraryAPI is not available for anonymous users!", source: https://open.scdn.co/cdn/build/web-player/web-player.f31c9e9f.js (1)
[0611/113837.345:ERROR:gpu_init.cc(426)] Passthrough is not supported, GL is disabled
[0616/104234.074:INFO:CONSOLE(1)] "SharedArrayBuffer will require cross-origin isolation as of M91, around May 2021. See https://developer.chrome.com/blog/enabling-shared-array-buffer/ for more details.", source: https://open.scdn.co/cdn/build/web-player/vendor~web-player.bd68288a.js (1)
[0616/104235.416:INFO:CONSOLE(1)] "It is recommended that a robustness level be specified. Not specifying the robustness level could result in unexpected behavior.", source: https://open.scdn.co/cdn/build/web-player/vendor~web-player.bd68288a.js (1)
[0616/104236.378:INFO:CONSOLE(1)] "Uncaught (in promise) Error: LibraryAPI is not available for anonymous users!", source: https://open.scdn.co/cdn/build/web-player/web-player.18ea4a5e.js (1)
[0616/104237.512:ERROR:ssl_client_socket_impl.cc(947)] handshake failed; returned -1, SSL error code 1, net_error -101
[0616/104237.544:ERROR:ssl_client_socket_impl.cc(947)] handshake failed; returned -1, SSL error code 1, net_error -101
[0616/104237.553:ERROR:ssl_client_socket_impl.cc(947)] handshake failed; returned -1, SSL error code 1, net_error -101
[0616/104237.593:ERROR:ssl_client_socket_impl.cc(947)] handshake failed; returned -1, SSL error code 1, net_error -101
[0616/104239.109:WARNING:angle_platform_impl.cc(48)] HLSLCompiler.cpp:257 (compileToBinary): 
C:\fakepath(154,7-80): warning X3557: loop only executes for 1 iteration(s), consider removing [loop]

[0618/113700.654:INFO:CONSOLE(1)] "SharedArrayBuffer will require cross-origin isolation as of M91, around May 2021. See https://developer.chrome.com/blog/enabling-shared-array-buffer/ for more details.", source: https://open.scdn.co/cdn/build/web-player/vendor~web-player.523a2799.js (1)
[0618/113700.655:INFO:CONSOLE(1)] "SharedArrayBuffer will require cross-origin isolation as of M91, around May 2021. See https://developer.chrome.com/blog/enabling-shared-array-buffer/ for more details.", source: https://open.scdn.co/cdn/build/web-player/vendor~web-player.523a2799.js (1)
[0618/113700.674:INFO:CONSOLE(1)] "SharedArrayBuffer will require cross-origin isolation as of M91, around May 2021. See https://developer.chrome.com/blog/enabling-shared-array-buffer/ for more details.", source: https://open.scdn.co/cdn/build/web-player/vendor~web-player.523a2799.js (1)
[0618/113701.257:INFO:CONSOLE(1)] "SharedArrayBuffer will require cross-origin isolation as of M91, around May 2021. See https://developer.chrome.com/blog/enabling-shared-array-buffer/ for more details.", source: https://open.scdn.co/cdn/build/web-player/vendor~web-player.523a2799.js (1)
[0618/113701.967:INFO:CONSOLE(1)] "It is recommended that a robustness level be specified. Not specifying the robustness level could result in unexpected behavior.", source: https://open.scdn.co/cdn/build/web-player/vendor~web-player.523a2799.js (1)
[0618/113701.967:INFO:CONSOLE(1)] "It is recommended that a robustness level be specified. Not specifying the robustness level could result in unexpected behavior.", source: https://open.scdn.co/cdn/build/web-player/vendor~web-player.523a2799.js (1)
[0618/113702.004:INFO:CONSOLE(1)] "It is recommended that a robustness level be specified. Not specifying the robustness level could result in unexpected behavior.", source: https://open.scdn.co/cdn/build/web-player/vendor~web-player.523a2799.js (1)
[0618/113702.074:INFO:CONSOLE(1)] "It is recommended that a robustness level be specified. Not specifying the robustness level could result in unexpected behavior.", source: https://open.scdn.co/cdn/build/web-player/vendor~web-player.523a2799.js (1)
[0618/113702.193:INFO:CONSOLE(1)] "SharedArrayBuffer will require cross-origin isolation as of M91, around May 2021. See https://developer.chrome.com/blog/enabling-shared-array-buffer/ for more details.", source: https://open.scdn.co/cdn/build/web-player/vendor~web-player.523a2799.js (1)
[0618/113702.763:INFO:CONSOLE(1)] "Uncaught (in promise) Error: LibraryAPI is not available for anonymous users!", source: https://open.scdn.co/cdn/build/web-player/web-player.df164882.js (1)
[0618/113702.878:INFO:CONSOLE(1)] "Uncaught (in promise) Error: LibraryAPI is not available for anonymous users!", source: https://open.scdn.co/cdn/build/web-player/web-player.df164882.js (1)
[0618/113702.958:INFO:CONSOLE(1)] "It is recommended that a robustness level be specified. Not specifying the robustness level could result in unexpected behavior.", source: https://open.scdn.co/cdn/build/web-player/vendor~web-player.523a2799.js (1)
[0618/113703.007:INFO:CONSOLE(1)] "Uncaught (in promise) Error: LibraryAPI is not available for anonymous users!", source: https://open.scdn.co/cdn/build/web-player/web-player.df164882.js (1)
[0618/113703.199:INFO:CONSOLE(1)] "SharedArrayBuffer will require cross-origin isolation as of M91, around May 2021. See https://developer.chrome.com/blog/enabling-shared-array-buffer/ for more details.", source: https://open.scdn.co/cdn/build/web-player/vendor~web-player.523a2799.js (1)
[0618/113703.288:INFO:CONSOLE(1)] "Uncaught (in promise) Error: LibraryAPI is not available for anonymous users!", source: https://open.scdn.co/cdn/build/web-player/web-player.df164882.js (1)
[0618/113703.294:INFO:CONSOLE(1)] "It is recommended that a robustness level be specified. Not specifying the robustness level could result in unexpected behavior.", source: https://open.scdn.co/cdn/build/web-player/vendor~web-player.523a2799.js (1)
[0618/113703.506:INFO:CONSOLE(1)] "SharedArrayBuffer will require cross-origin isolation as of M91, around May 2021. See https://developer.chrome.com/blog/enabling-shared-array-buffer/ for more details.", source: https://open.scdn.co/cdn/build/web-player/vendor~web-player.523a2799.js (1)
[0618/113703.599:INFO:CONSOLE(1)] "It is recommended that a robustness level be specified. Not specifying the robustness level could result in unexpected behavior.", source: https://open.scdn.co/cdn/build/web-player/vendor~web-player.523a2799.js (1)
[0618/113703.617:INFO:CONSOLE(1)] "Uncaught (in promise) Error: LibraryAPI is not available for anonymous users!", source: https://open.scdn.co/cdn/build/web-player/web-player.df164882.js (1)
[0618/113703.924:ERROR:ssl_client_socket_impl.cc(947)] handshake failed; returned -1, SSL error code 1, net_error -101
[0618/113703.978:ERROR:ssl_client_socket_impl.cc(947)] handshake failed; returned -1, SSL error code 1, net_error -101
[0618/113704.034:ERROR:ssl_client_socket_impl.cc(947)] handshake failed; returned -1, SSL error code 1, net_error -101
[0618/113704.052:ERROR:ssl_client_socket_impl.cc(947)] handshake failed; returned -1, SSL error code 1, net_error -101
[0618/113704.086:ERROR:ssl_client_socket_impl.cc(947)] handshake failed; returned -1, SSL error code 1, net_error -101
[0618/113704.095:ERROR:ssl_client_socket_impl.cc(947)] handshake failed; returned -1, SSL error code 1, net_error -101
[0618/113704.109:ERROR:ssl_client_socket_impl.cc(947)] handshake failed; returned -1, SSL error code 1, net_error -101
[0618/113704.118:ERROR:ssl_client_socket_impl.cc(947)] handshake failed; returned -1, SSL error code 1, net_error -101
[0618/113704.139:ERROR:ssl_client_socket_impl.cc(947)] handshake failed; returned -1, SSL error code 1, net_error -101
[0618/113704.151:INFO:CONSOLE(1)] "Uncaught (in promise) Error: LibraryAPI is not available for anonymous users!", source: https://open.scdn.co/cdn/build/web-player/web-player.df164882.js (1)
[0618/113704.200:ERROR:ssl_client_socket_impl.cc(947)] handshake failed; returned -1, SSL error code 1, net_error -101
[0618/113704.206:ERROR:ssl_client_socket_impl.cc(947)] handshake failed; returned -1, SSL error code 1, net_error -101
[0618/113704.225:ERROR:ssl_client_socket_impl.cc(947)] handshake failed; returned -1, SSL error code 1, net_error -101
[0618/113704.334:INFO:CONSOLE(1)] "Uncaught (in promise) Error: LibraryAPI is not available for anonymous users!", source: https://open.scdn.co/cdn/build/web-player/web-player.df164882.js (1)
[0618/113704.414:ERROR:ssl_client_socket_impl.cc(947)] handshake failed; returned -1, SSL error code 1, net_error -101
[0618/113704.427:ERROR:ssl_client_socket_impl.cc(947)] handshake failed; returned -1, SSL error code 1, net_error -101
[0618/113704.432:ERROR:ssl_client_socket_impl.cc(947)] handshake failed; returned -1, SSL error code 1, net_error -101
[0618/113704.471:ERROR:ssl_client_socket_impl.cc(947)] handshake failed; returned -1, SSL error code 1, net_error -101
[0618/113704.774:ERROR:ssl_client_socket_impl.cc(947)] handshake failed; returned -1, SSL error code 1, net_error -101
[0618/113704.818:ERROR:ssl_client_socket_impl.cc(947)] handshake failed; returned -1, SSL error code 1, net_error -101
[0618/113704.953:ERROR:ssl_client_socket_impl.cc(947)] handshake failed; returned -1, SSL error code 1, net_error -101
[0618/113704.968:ERROR:ssl_client_socket_impl.cc(947)] handshake failed; returned -1, SSL error code 1, net_error -101
[0618/113905.254:INFO:CONSOLE(1)] "SharedArrayBuffer will require cross-origin isolation as of M91, around May 2021. See https://developer.chrome.com/blog/enabling-shared-array-buffer/ for more details.", source: https://open.scdn.co/cdn/build/web-player/vendor~web-player.523a2799.js (1)
[0618/113905.255:INFO:CONSOLE(1)] "SharedArrayBuffer will require cross-origin isolation as of M91, around May 2021. See https://developer.chrome.com/blog/enabling-shared-array-buffer/ for more details.", source: https://open.scdn.co/cdn/build/web-player/vendor~web-player.523a2799.js (1)
[0618/113905.256:INFO:CONSOLE(1)] "SharedArrayBuffer will require cross-origin isolation as of M91, around May 2021. See https://developer.chrome.com/blog/enabling-shared-array-buffer/ for more details.", source: https://open.scdn.co/cdn/build/web-player/vendor~web-player.523a2799.js (1)
[0618/113906.120:INFO:CONSOLE(1)] "SharedArrayBuffer will require cross-origin isolation as of M91, around May 2021. See https://developer.chrome.com/blog/enabling-shared-array-buffer/ for more details.", source: https://open.scdn.co/cdn/build/web-player/vendor~web-player.523a2799.js (1)
[0618/113906.376:INFO:CONSOLE(1)] "It is recommended that a robustness level be specified. Not specifying the robustness level could result in unexpected behavior.", source: https://open.scdn.co/cdn/build/web-player/vendor~web-player.523a2799.js (1)
[0618/113906.430:INFO:CONSOLE(1)] "It is recommended that a robustness level be specified. Not specifying the robustness level could result in unexpected behavior.", source: https://open.scdn.co/cdn/build/web-player/vendor~web-player.523a2799.js (1)
[0618/113906.885:INFO:CONSOLE(1)] "SharedArrayBuffer will require cross-origin isolation as of M91, around May 2021. See https://developer.chrome.com/blog/enabling-shared-array-buffer/ for more details.", source: https://open.scdn.co/cdn/build/web-player/vendor~web-player.523a2799.js (1)
[0618/113906.915:INFO:CONSOLE(1)] "Uncaught (in promise) Error: LibraryAPI is not available for anonymous users!", source: https://open.scdn.co/cdn/build/web-player/web-player.df164882.js (1)
[0618/113906.924:INFO:CONSOLE(1)] "Uncaught (in promise) Error: LibraryAPI is not available for anonymous users!", source: https://open.scdn.co/cdn/build/web-player/web-player.df164882.js (1)
[0618/113907.035:INFO:CONSOLE(1)] "It is recommended that a robustness level be specified. Not specifying the robustness level could result in unexpected behavior.", source: https://open.scdn.co/cdn/build/web-player/vendor~web-player.523a2799.js (1)
[0618/113907.042:INFO:CONSOLE(1)] "It is recommended that a robustness level be specified. Not specifying the robustness level could result in unexpected behavior.", source: https://open.scdn.co/cdn/build/web-player/vendor~web-player.523a2799.js (1)
[0618/113907.173:INFO:CONSOLE(1)] "It is recommended that a robustness level be specified. Not specifying the robustness level could result in unexpected behavior.", source: https://open.scdn.co/cdn/build/web-player/vendor~web-player.523a2799.js (1)
[0618/113907.595:INFO:CONSOLE(1)] "Uncaught (in promise) Error: LibraryAPI is not available for anonymous users!", source: https://open.scdn.co/cdn/build/web-player/web-player.df164882.js (1)
[0618/113907.703:INFO:CONSOLE(1)] "Uncaught (in promise) Error: LibraryAPI is not available for anonymous users!", source: https://open.scdn.co/cdn/build/web-player/web-player.df164882.js (1)
[0618/113907.725:ERROR:ssl_client_socket_impl.cc(947)] handshake failed; returned -1, SSL error code 1, net_error -101
[0618/113907.739:ERROR:ssl_client_socket_impl.cc(947)] handshake failed; returned -1, SSL error code 1, net_error -101
[0618/113907.752:ERROR:ssl_client_socket_impl.cc(947)] handshake failed; returned -1, SSL error code 1, net_error -101
[0618/113907.796:ERROR:ssl_client_socket_impl.cc(947)] handshake failed; returned -1, SSL error code 1, net_error -101
[0618/113907.884:INFO:CONSOLE(1)] "Uncaught (in promise) Error: LibraryAPI is not available for anonymous users!", source: https://open.scdn.co/cdn/build/web-player/web-player.df164882.js (1)
[0618/113908.040:ERROR:ssl_client_socket_impl.cc(947)] handshake failed; returned -1, SSL error code 1, net_error -101
[0618/113908.055:INFO:CONSOLE(1)] "SharedArrayBuffer will require cross-origin isolation as of M91, around May 2021. See https://developer.chrome.com/blog/enabling-shared-array-buffer/ for more details.", source: https://open.scdn.co/cdn/build/web-player/vendor~web-player.523a2799.js (1)
[0618/113908.093:ERROR:ssl_client_socket_impl.cc(947)] handshake failed; returned -1, SSL error code 1, net_error -101
[0618/113908.138:ERROR:ssl_client_socket_impl.cc(947)] handshake failed; returned -1, SSL error code 1, net_error -101
[0618/113908.150:ERROR:ssl_client_socket_impl.cc(947)] handshake failed; returned -1, SSL error code 1, net_error -101
[0618/113908.240:INFO:CONSOLE(1)] "It is recommended that a robustness level be specified. Not specifying the robustness level could result in unexpected behavior.", source: https://open.scdn.co/cdn/build/web-player/vendor~web-player.523a2799.js (1)
[0618/113908.432:ERROR:ssl_client_socket_impl.cc(947)] handshake failed; returned -1, SSL error code 1, net_error -101
[0618/113908.565:ERROR:ssl_client_socket_impl.cc(947)] handshake failed; returned -1, SSL error code 1, net_error -101
[0618/113908.566:ERROR:ssl_client_socket_impl.cc(947)] handshake failed; returned -1, SSL error code 1, net_error -101
[0618/113908.579:INFO:CONSOLE(1)] "SharedArrayBuffer will require cross-origin isolation as of M91, around May 2021. See https://developer.chrome.com/blog/enabling-shared-array-buffer/ for more details.", source: https://open.scdn.co/cdn/build/web-player/vendor~web-player.523a2799.js (1)
[0618/113908.584:ERROR:ssl_client_socket_impl.cc(947)] handshake failed; returned -1, SSL error code 1, net_error -101
[0618/113908.625:WARNING:angle_platform_impl.cc(48)] HLSLCompiler.cpp:257 (compileToBinary): 
C:\fakepath(154,7-80): warning X3557: loop only executes for 1 iteration(s), consider removing [loop]

[0618/113908.700:INFO:CONSOLE(1)] "It is recommended that a robustness level be specified. Not specifying the robustness level could result in unexpected behavior.", source: https://open.scdn.co/cdn/build/web-player/vendor~web-player.523a2799.js (1)
[0618/113909.044:INFO:CONSOLE(1)] "Uncaught (in promise) Error: LibraryAPI is not available for anonymous users!", source: https://open.scdn.co/cdn/build/web-player/web-player.df164882.js (1)
[0618/113909.338:INFO:CONSOLE(1)] "Uncaught (in promise) Error: LibraryAPI is not available for anonymous users!", source: https://open.scdn.co/cdn/build/web-player/web-player.df164882.js (1)
[0618/113909.351:ERROR:ssl_client_socket_impl.cc(947)] handshake failed; returned -1, SSL error code 1, net_error -101
[0618/113909.369:ERROR:ssl_client_socket_impl.cc(947)] handshake failed; returned -1, SSL error code 1, net_error -101
[0618/113909.369:ERROR:ssl_client_socket_impl.cc(947)] handshake failed; returned -1, SSL error code 1, net_error -101
[0618/113909.451:ERROR:ssl_client_socket_impl.cc(947)] handshake failed; returned -1, SSL error code 1, net_error -101
[0618/113909.664:ERROR:ssl_client_socket_impl.cc(947)] handshake failed; returned -1, SSL error code 1, net_error -101
[0618/113909.695:ERROR:ssl_client_socket_impl.cc(947)] handshake failed; returned -1, SSL error code 1, net_error -101
[0618/113909.710:ERROR:ssl_client_socket_impl.cc(947)] handshake failed; returned -1, SSL error code 1, net_error -101
[0618/113909.726:ERROR:ssl_client_socket_impl.cc(947)] handshake failed; returned -1, SSL error code 1, net_error -101
[0618/113909.946:ERROR:ssl_client_socket_impl.cc(947)] handshake failed; returned -1, SSL error code 1, net_error -101
[0618/113909.982:ERROR:ssl_client_socket_impl.cc(947)] handshake failed; returned -1, SSL error code 1, net_error -101
[0618/131318.850:WARNING:dns_config_service_win.cc(712)] Failed to read DnsConfig.
[0618/131318.886:WARNING:dns_config_service_win.cc(712)] Failed to read DnsConfig.
[0618/131318.914:WARNING:dns_config_service_win.cc(712)] Failed to read DnsConfig.
[0618/131333.741:ERROR:gpu_init.cc(426)] Passthrough is not supported, GL is disabled
