[0813/112913.209:INFO:CONSOLE(1)] "It is recommended that a robustness level be specified. Not specifying the robustness level could result in unexpected behavior.", source: https://open.scdn.co/cdn/build/web-player/vendor~web-player.2648a9fc.js (1)
[0813/112914.042:ERROR:ssl_client_socket_impl.cc(980)] handshake failed; returned -1, SSL error code 1, net_error -101
[0813/112914.056:ERROR:ssl_client_socket_impl.cc(980)] handshake failed; returned -1, SSL error code 1, net_error -101
[0813/112914.068:ERROR:ssl_client_socket_impl.cc(980)] handshake failed; returned -1, SSL error code 1, net_error -101
[0813/112914.104:ERROR:ssl_client_socket_impl.cc(980)] handshake failed; returned -1, SSL error code 1, net_error -101
[0813/112914.988:WARNING:angle_platform_impl.cc(49)] HLSLCompiler.cpp:257 (compileToBinary): 
C:\fakepath(140,7-80): warning X3557: loop only executes for 1 iteration(s), consider removing [loop]

[0813/112925.188:INFO:CONSOLE(1)] "It is recommended that a robustness level be specified. Not specifying the robustness level could result in unexpected behavior.", source: https://open.scdn.co/cdn/build/web-player/vendor~web-player.2648a9fc.js (1)
[0813/112925.760:ERROR:ssl_client_socket_impl.cc(980)] handshake failed; returned -1, SSL error code 1, net_error -101
[0813/112925.775:ERROR:ssl_client_socket_impl.cc(980)] handshake failed; returned -1, SSL error code 1, net_error -101
[0813/112925.781:ERROR:ssl_client_socket_impl.cc(980)] handshake failed; returned -1, SSL error code 1, net_error -101
[0813/112925.862:ERROR:ssl_client_socket_impl.cc(980)] handshake failed; returned -1, SSL error code 1, net_error -101
[0813/112926.444:ERROR:ssl_client_socket_impl.cc(980)] handshake failed; returned -1, SSL error code 1, net_error -101
[0813/112926.516:ERROR:ssl_client_socket_impl.cc(980)] handshake failed; returned -1, SSL error code 1, net_error -101
[0813/113108.405:ERROR:gpu_init.cc(440)] Passthrough is not supported, GL is disabled
[0813/113141.892:INFO:CONSOLE(0)] "Error with Permissions-Policy header: Unrecognized feature: 'interest-cohort'.", source:  (0)
[0813/113143.071:INFO:CONSOLE(298)] "JQMIGRATE: Migrate is installed with logging active, version 3.3.2", source: https://en.wikipedia.org/w/load.php?lang=en&modules=ext.centralNotice.choiceData%2Cdisplay%2CgeoIP%2CimpressionDiet%2CkvStore%2CstartUp%7Cext.centralauth.centralautologin%7Cext.cite.ux-enhancements%7Cext.cx.eventlogging.campaigns%7Cext.eventLogging%2CnavigationTiming%2Cpopups%2CwikimediaEvents%7Cext.growthExperiments.SuggestedEditSession%7Cext.scribunto.logs%7Cext.tmh.OgvJsSupport%7Cext.uls.common%2Ccompactlinks%2Cinterface%2Cpreferences%2Cwebfonts%7Cjquery%2Coojs%2Coojs-router%2Csite%7Cjquery.client%2Ccookie%2CembedPlayer%2CmakeCollapsible%2CmwEmbedUtil%2CtextSelection%2CtriggerQueueCallback%7Cjquery.uls.data%7Cmediawiki.String%2CTitle%2CUri%2Capi%2Cbase%2Ccldr%2Ccookie%2Cexperiments%2CjqueryMsg%2Clanguage%2Cstorage%2Ctoc%2Cuser%2Cutil%2CvisibleTimeout%7Cmediawiki.editfont.styles%7Cmediawiki.libs.pluralruleparser%7Cmediawiki.page.ready%7Cmediawiki.ui.button%2Cicon%7Cmmv.bootstrap%2Chead%7Cmmv.bootstrap.autostart%7Cmw.EmbedPlayer.loader%7Cmw.MediaWikiPlayer.loader%7Cmw.MwEmbedSupport%2CPopUpMediaTransform%7Cmw.MwEmbedSupport.style%7Cmw.PopUpMediaTransform.styles%7Cmw.TMHGalleryHook.js%7Cmw.TimedText.loader%7Cskins.vector.legacy.js%7Cuser.defaults&skin=vector&version=1lbyh (298)
[0813/113143.675:INFO:CONSOLE(25)] "This page is using the deprecated ResourceLoader module "jquery.ui".
Please use OOUI instead.", source: https://en.wikipedia.org/w/load.php?lang=en&modules=fullScreenApi%7Cjquery.debouncedresize%2CembedMenu%2ChoverIntent%2Cui%7Cmediawiki.UtilitiesTime%2CabsoluteUrl%2Cclient%7Cmediawiki.language.names%7Cmw.EmbedPlayer%2CEmbedPlayerNative%2CEmbedTypes%2CMediaElement%2CMediaPlayer%2CMediaPlayers%2CMediaSource%2CMediaWikiPlayerSupport%2CTextSource%2CTimedText%2CajaxProxy&skin=vector&version=1dkib (25)
[0813/113143.827:INFO:CONSOLE(299)] "JQMIGRATE: jQuery.fn.unbind is deprecated", source: https://en.wikipedia.org/w/load.php?lang=en&modules=ext.centralNotice.choiceData%2Cdisplay%2CgeoIP%2CimpressionDiet%2CkvStore%2CstartUp%7Cext.centralauth.centralautologin%7Cext.cite.ux-enhancements%7Cext.cx.eventlogging.campaigns%7Cext.eventLogging%2CnavigationTiming%2Cpopups%2CwikimediaEvents%7Cext.growthExperiments.SuggestedEditSession%7Cext.scribunto.logs%7Cext.tmh.OgvJsSupport%7Cext.uls.common%2Ccompactlinks%2Cinterface%2Cpreferences%2Cwebfonts%7Cjquery%2Coojs%2Coojs-router%2Csite%7Cjquery.client%2Ccookie%2CembedPlayer%2CmakeCollapsible%2CmwEmbedUtil%2CtextSelection%2CtriggerQueueCallback%7Cjquery.uls.data%7Cmediawiki.String%2CTitle%2CUri%2Capi%2Cbase%2Ccldr%2Ccookie%2Cexperiments%2CjqueryMsg%2Clanguage%2Cstorage%2Ctoc%2Cuser%2Cutil%2CvisibleTimeout%7Cmediawiki.editfont.styles%7Cmediawiki.libs.pluralruleparser%7Cmediawiki.page.ready%7Cmediawiki.ui.button%2Cicon%7Cmmv.bootstrap%2Chead%7Cmmv.bootstrap.autostart%7Cmw.EmbedPlayer.loader%7Cmw.MediaWikiPlayer.loader%7Cmw.MwEmbedSupport%2CPopUpMediaTransform%7Cmw.MwEmbedSupport.style%7Cmw.PopUpMediaTransform.styles%7Cmw.TMHGalleryHook.js%7Cmw.TimedText.loader%7Cskins.vector.legacy.js%7Cuser.defaults&skin=vector&version=1lbyh (299)
